[2024-07-12 12:15:22] laravel.EMERGENCY: Unable to create configured logger. Using emergency logger. {"exception":"[object] (TypeError(code: 0): Cannot access offset of type array on array at /home/rurban-pc/Documents/vlms-app/vendor/laravel/framework/src/Illuminate/Log/LogManager.php:138)
[stacktrace]
#0 /home/rurban-pc/Documents/vlms-app/vendor/laravel/framework/src/Illuminate/Log/LogManager.php(125): Illuminate\\Log\\LogManager->get()
#1 /home/rurban-pc/Documents/vlms-app/vendor/laravel/framework/src/Illuminate/Log/LogManager.php(114): Illuminate\\Log\\LogManager->driver()
#2 /home/rurban-pc/Documents/vlms-app/vendor/laravel/framework/src/Illuminate/Log/LogManager.php(279): Illuminate\\Log\\LogManager->channel()
#3 [internal function]: Illuminate\\Log\\LogManager->Illuminate\\Log\\{closure}()
#4 /home/rurban-pc/Documents/vlms-app/vendor/laravel/framework/src/Illuminate/Collections/Arr.php(605): array_map()
#5 /home/rurban-pc/Documents/vlms-app/vendor/laravel/framework/src/Illuminate/Collections/Collection.php(758): Illuminate\\Support\\Arr::map()
#6 /home/rurban-pc/Documents/vlms-app/vendor/laravel/framework/src/Illuminate/Collections/Traits/EnumeratesValues.php(423): Illuminate\\Support\\Collection->map()
#7 /home/rurban-pc/Documents/vlms-app/vendor/laravel/framework/src/Illuminate/Log/LogManager.php(276): Illuminate\\Support\\Collection->flatMap()
#8 /home/rurban-pc/Documents/vlms-app/vendor/laravel/framework/src/Illuminate/Log/LogManager.php(234): Illuminate\\Log\\LogManager->createStackDriver()
#9 /home/rurban-pc/Documents/vlms-app/vendor/laravel/framework/src/Illuminate/Log/LogManager.php(138): Illuminate\\Log\\LogManager->resolve()
#10 /home/rurban-pc/Documents/vlms-app/vendor/laravel/framework/src/Illuminate/Log/LogManager.php(125): Illuminate\\Log\\LogManager->get()
#11 /home/rurban-pc/Documents/vlms-app/vendor/laravel/framework/src/Illuminate/Log/LogManager.php(693): Illuminate\\Log\\LogManager->driver()
#12 /home/rurban-pc/Documents/vlms-app/vendor/laravel/framework/src/Illuminate/Foundation/Exceptions/Handler.php(377): Illuminate\\Log\\LogManager->error()
#13 /home/rurban-pc/Documents/vlms-app/vendor/laravel/framework/src/Illuminate/Foundation/Exceptions/Handler.php(338): Illuminate\\Foundation\\Exceptions\\Handler->reportThrowable()
#14 /home/rurban-pc/Documents/vlms-app/vendor/nunomaduro/collision/src/Adapters/Laravel/ExceptionHandler.php(46): Illuminate\\Foundation\\Exceptions\\Handler->report()
#15 /home/rurban-pc/Documents/vlms-app/vendor/laravel/framework/src/Illuminate/Foundation/Console/Kernel.php(617): NunoMaduro\\Collision\\Adapters\\Laravel\\ExceptionHandler->report()
#16 /home/rurban-pc/Documents/vlms-app/vendor/laravel/framework/src/Illuminate/Foundation/Console/Kernel.php(198): Illuminate\\Foundation\\Console\\Kernel->reportException()
#17 /home/rurban-pc/Documents/vlms-app/vendor/laravel/framework/src/Illuminate/Foundation/Application.php(1198): Illuminate\\Foundation\\Console\\Kernel->handle()
#18 /home/rurban-pc/Documents/vlms-app/artisan(13): Illuminate\\Foundation\\Application->handleCommand()
#19 {main}
"} 
[2024-07-12 12:15:22] laravel.EMERGENCY: Unable to create configured logger. Using emergency logger. {"exception":"[object] (TypeError(code: 0): Cannot access offset of type array on array at /home/rurban-pc/Documents/vlms-app/vendor/laravel/framework/src/Illuminate/Log/LogManager.php:138)
[stacktrace]
#0 /home/rurban-pc/Documents/vlms-app/vendor/laravel/framework/src/Illuminate/Log/LogManager.php(125): Illuminate\\Log\\LogManager->get()
#1 /home/rurban-pc/Documents/vlms-app/vendor/laravel/framework/src/Illuminate/Log/LogManager.php(114): Illuminate\\Log\\LogManager->driver()
#2 /home/rurban-pc/Documents/vlms-app/vendor/laravel/framework/src/Illuminate/Log/LogManager.php(285): Illuminate\\Log\\LogManager->channel()
#3 [internal function]: Illuminate\\Log\\LogManager->Illuminate\\Log\\{closure}()
#4 /home/rurban-pc/Documents/vlms-app/vendor/laravel/framework/src/Illuminate/Collections/Arr.php(605): array_map()
#5 /home/rurban-pc/Documents/vlms-app/vendor/laravel/framework/src/Illuminate/Collections/Collection.php(758): Illuminate\\Support\\Arr::map()
#6 /home/rurban-pc/Documents/vlms-app/vendor/laravel/framework/src/Illuminate/Collections/Traits/EnumeratesValues.php(423): Illuminate\\Support\\Collection->map()
#7 /home/rurban-pc/Documents/vlms-app/vendor/laravel/framework/src/Illuminate/Log/LogManager.php(282): Illuminate\\Support\\Collection->flatMap()
#8 /home/rurban-pc/Documents/vlms-app/vendor/laravel/framework/src/Illuminate/Log/LogManager.php(234): Illuminate\\Log\\LogManager->createStackDriver()
#9 /home/rurban-pc/Documents/vlms-app/vendor/laravel/framework/src/Illuminate/Log/LogManager.php(138): Illuminate\\Log\\LogManager->resolve()
#10 /home/rurban-pc/Documents/vlms-app/vendor/laravel/framework/src/Illuminate/Log/LogManager.php(125): Illuminate\\Log\\LogManager->get()
#11 /home/rurban-pc/Documents/vlms-app/vendor/laravel/framework/src/Illuminate/Log/LogManager.php(693): Illuminate\\Log\\LogManager->driver()
#12 /home/rurban-pc/Documents/vlms-app/vendor/laravel/framework/src/Illuminate/Foundation/Exceptions/Handler.php(377): Illuminate\\Log\\LogManager->error()
#13 /home/rurban-pc/Documents/vlms-app/vendor/laravel/framework/src/Illuminate/Foundation/Exceptions/Handler.php(338): Illuminate\\Foundation\\Exceptions\\Handler->reportThrowable()
#14 /home/rurban-pc/Documents/vlms-app/vendor/nunomaduro/collision/src/Adapters/Laravel/ExceptionHandler.php(46): Illuminate\\Foundation\\Exceptions\\Handler->report()
#15 /home/rurban-pc/Documents/vlms-app/vendor/laravel/framework/src/Illuminate/Foundation/Console/Kernel.php(617): NunoMaduro\\Collision\\Adapters\\Laravel\\ExceptionHandler->report()
#16 /home/rurban-pc/Documents/vlms-app/vendor/laravel/framework/src/Illuminate/Foundation/Console/Kernel.php(198): Illuminate\\Foundation\\Console\\Kernel->reportException()
#17 /home/rurban-pc/Documents/vlms-app/vendor/laravel/framework/src/Illuminate/Foundation/Application.php(1198): Illuminate\\Foundation\\Console\\Kernel->handle()
#18 /home/rurban-pc/Documents/vlms-app/artisan(13): Illuminate\\Foundation\\Application->handleCommand()
#19 {main}
"} 
[2024-07-12 12:15:22] local.ERROR: The "C:\wamp64\www\vlms-app\resources\views" directory does not exist. {"exception":"[object] (Symfony\\Component\\Finder\\Exception\\DirectoryNotFoundException(code: 0): The \"C:\\wamp64\\www\\vlms-app\\resources\\views\" directory does not exist. at /home/rurban-pc/Documents/vlms-app/vendor/symfony/finder/Finder.php:646)
[stacktrace]
#0 /home/rurban-pc/Documents/vlms-app/vendor/laravel/framework/src/Illuminate/Foundation/Console/ViewCacheCommand.php(88): Symfony\\Component\\Finder\\Finder->in()
#1 /home/rurban-pc/Documents/vlms-app/vendor/laravel/framework/src/Illuminate/Foundation/Console/ViewCacheCommand.php(43): Illuminate\\Foundation\\Console\\ViewCacheCommand->bladeFilesIn()
#2 /home/rurban-pc/Documents/vlms-app/vendor/laravel/framework/src/Illuminate/Collections/Traits/EnumeratesValues.php(259): Illuminate\\Foundation\\Console\\ViewCacheCommand->Illuminate\\Foundation\\Console\\{closure}()
#3 /home/rurban-pc/Documents/vlms-app/vendor/laravel/framework/src/Illuminate/Foundation/Console/ViewCacheCommand.php(38): Illuminate\\Support\\Collection->each()
#4 /home/rurban-pc/Documents/vlms-app/vendor/laravel/framework/src/Illuminate/Container/BoundMethod.php(36): Illuminate\\Foundation\\Console\\ViewCacheCommand->handle()
#5 /home/rurban-pc/Documents/vlms-app/vendor/laravel/framework/src/Illuminate/Container/Util.php(41): Illuminate\\Container\\BoundMethod::Illuminate\\Container\\{closure}()
#6 /home/rurban-pc/Documents/vlms-app/vendor/laravel/framework/src/Illuminate/Container/BoundMethod.php(93): Illuminate\\Container\\Util::unwrapIfClosure()
#7 /home/rurban-pc/Documents/vlms-app/vendor/laravel/framework/src/Illuminate/Container/BoundMethod.php(35): Illuminate\\Container\\BoundMethod::callBoundMethod()
#8 /home/rurban-pc/Documents/vlms-app/vendor/laravel/framework/src/Illuminate/Container/Container.php(662): Illuminate\\Container\\BoundMethod::call()
#9 /home/rurban-pc/Documents/vlms-app/vendor/laravel/framework/src/Illuminate/Console/Command.php(213): Illuminate\\Container\\Container->call()
#10 /home/rurban-pc/Documents/vlms-app/vendor/symfony/console/Command/Command.php(279): Illuminate\\Console\\Command->execute()
#11 /home/rurban-pc/Documents/vlms-app/vendor/laravel/framework/src/Illuminate/Console/Command.php(182): Symfony\\Component\\Console\\Command\\Command->run()
#12 /home/rurban-pc/Documents/vlms-app/vendor/laravel/framework/src/Illuminate/Console/Concerns/CallsCommands.php(67): Illuminate\\Console\\Command->run()
#13 /home/rurban-pc/Documents/vlms-app/vendor/laravel/framework/src/Illuminate/Console/Concerns/CallsCommands.php(40): Illuminate\\Console\\Command->runCommand()
#14 /home/rurban-pc/Documents/vlms-app/vendor/laravel/framework/src/Illuminate/Foundation/Console/OptimizeCommand.php(38): Illuminate\\Console\\Command->callSilent()
#15 /home/rurban-pc/Documents/vlms-app/vendor/laravel/framework/src/Illuminate/Console/View/Components/Task.php(40): Illuminate\\Foundation\\Console\\OptimizeCommand->Illuminate\\Foundation\\Console\\{closure}()
#16 /home/rurban-pc/Documents/vlms-app/vendor/laravel/framework/src/Illuminate/Console/View/Components/Factory.php(58): Illuminate\\Console\\View\\Components\\Task->render()
#17 /home/rurban-pc/Documents/vlms-app/vendor/laravel/framework/src/Illuminate/Foundation/Console/OptimizeCommand.php(39): Illuminate\\Console\\View\\Components\\Factory->__call()
#18 /home/rurban-pc/Documents/vlms-app/vendor/laravel/framework/src/Illuminate/Collections/Traits/EnumeratesValues.php(259): Illuminate\\Foundation\\Console\\OptimizeCommand->Illuminate\\Foundation\\Console\\{closure}()
#19 /home/rurban-pc/Documents/vlms-app/vendor/laravel/framework/src/Illuminate/Foundation/Console/OptimizeCommand.php(39): Illuminate\\Support\\Collection->each()
#20 /home/rurban-pc/Documents/vlms-app/vendor/laravel/framework/src/Illuminate/Container/BoundMethod.php(36): Illuminate\\Foundation\\Console\\OptimizeCommand->handle()
#21 /home/rurban-pc/Documents/vlms-app/vendor/laravel/framework/src/Illuminate/Container/Util.php(41): Illuminate\\Container\\BoundMethod::Illuminate\\Container\\{closure}()
#22 /home/rurban-pc/Documents/vlms-app/vendor/laravel/framework/src/Illuminate/Container/BoundMethod.php(93): Illuminate\\Container\\Util::unwrapIfClosure()
#23 /home/rurban-pc/Documents/vlms-app/vendor/laravel/framework/src/Illuminate/Container/BoundMethod.php(35): Illuminate\\Container\\BoundMethod::callBoundMethod()
#24 /home/rurban-pc/Documents/vlms-app/vendor/laravel/framework/src/Illuminate/Container/Container.php(662): Illuminate\\Container\\BoundMethod::call()
#25 /home/rurban-pc/Documents/vlms-app/vendor/laravel/framework/src/Illuminate/Console/Command.php(213): Illuminate\\Container\\Container->call()
#26 /home/rurban-pc/Documents/vlms-app/vendor/symfony/console/Command/Command.php(279): Illuminate\\Console\\Command->execute()
#27 /home/rurban-pc/Documents/vlms-app/vendor/laravel/framework/src/Illuminate/Console/Command.php(182): Symfony\\Component\\Console\\Command\\Command->run()
#28 /home/rurban-pc/Documents/vlms-app/vendor/symfony/console/Application.php(1047): Illuminate\\Console\\Command->run()
#29 /home/rurban-pc/Documents/vlms-app/vendor/symfony/console/Application.php(316): Symfony\\Component\\Console\\Application->doRunCommand()
#30 /home/rurban-pc/Documents/vlms-app/vendor/symfony/console/Application.php(167): Symfony\\Component\\Console\\Application->doRun()
#31 /home/rurban-pc/Documents/vlms-app/vendor/laravel/framework/src/Illuminate/Foundation/Console/Kernel.php(196): Symfony\\Component\\Console\\Application->run()
#32 /home/rurban-pc/Documents/vlms-app/vendor/laravel/framework/src/Illuminate/Foundation/Application.php(1198): Illuminate\\Foundation\\Console\\Kernel->handle()
#33 /home/rurban-pc/Documents/vlms-app/artisan(13): Illuminate\\Foundation\\Application->handleCommand()
#34 {main}
"} 
